# JRE version: OpenJDK Runtime Environment Corretto-11.0.17.8.1 (11.0.17+8) (build 11.0.17+8-LTS)
# Java VM: OpenJDK 64-Bit Server VM Corretto-11.0.17.8.1 (11.0.17+8-LTS, mixed mode, tiered, compressed oops, g1 gc, windows-amd64)
Heap:
 garbage-first heap   total 69632K, used 42983K [0x00000000c8e00000, 0x0000000100000000)
  region size 1024K, 18 young (18432K), 4 survivors (4096K)
 Metaspace       used 70347K, capacity 72466K, committed 72524K, reserved 1112064K
  class space    used 8953K, capacity 9800K, committed 9856K, reserved 1048576K
GC Heap History (20 events):
Event: 10.968 GC heap before
{Heap before GC invocations=14 (full 0):
 garbage-first heap   total 69632K, used 51713K [0x00000000c8e00000, 0x0000000100000000)
  region size 1024K, 37 young (37888K), 4 survivors (4096K)
 Metaspace       used 43637K, capacity 44864K, committed 44928K, reserved 1089536K
  class space    used 5259K, capacity 5754K, committed 5760K, reserved 1048576K
}
Event: 10.976 GC heap after
{Heap after GC invocations=15 (full 0):
 garbage-first heap   total 69632K, used 19815K [0x00000000c8e00000, 0x0000000100000000)
  region size 1024K, 4 young (4096K), 4 survivors (4096K)
 Metaspace       used 43637K, capacity 44864K, committed 44928K, reserved 1089536K
  class space    used 5259K, capacity 5754K, committed 5760K, reserved 1048576K
}
Event: 13.019 GC heap before
{Heap before GC invocations=15 (full 0):
 garbage-first heap   total 69632K, used 52583K [0x00000000c8e00000, 0x0000000100000000)
  region size 1024K, 36 young (36864K), 4 survivors (4096K)
 Metaspace       used 48429K, capacity 49907K, committed 50048K, reserved 1093632K
  class space    used 5912K, capacity 6517K, committed 6528K, reserved 1048576K
}
Event: 13.027 GC heap after
{Heap after GC invocations=16 (full 0):
 garbage-first heap   total 69632K, used 21527K [0x00000000c8e00000, 0x0000000100000000)
  region size 1024K, 4 young (4096K), 4 survivors (4096K)
 Metaspace       used 48429K, capacity 49907K, committed 50048K, reserved 1093632K
  class space    used 5912K, capacity 6517K, committed 6528K, reserved 1048576K
}
Event: 13.941 GC heap before
{Heap before GC invocations=16 (full 0):
 garbage-first heap   total 69632K, used 53271K [0x00000000c8e00000, 0x0000000100000000)
  region size 1024K, 35 young (35840K), 4 survivors (4096K)
 Metaspace       used 53122K, capacity 54522K, committed 54656K, reserved 1097728K
  class space    used 6659K, capacity 7242K, committed 7296K, reserved 1048576K
}
Event: 13.948 GC heap after
{Heap after GC invocations=17 (full 0):
 garbage-first heap   total 69632K, used 22902K [0x00000000c8e00000, 0x0000000100000000)
  region size 1024K, 3 young (3072K), 3 survivors (3072K)
 Metaspace       used 53122K, capacity 54522K, committed 54656K, reserved 1097728K
  class space    used 6659K, capacity 7242K, committed 7296K, reserved 1048576K
}
Event: 14.915 GC heap before
{Heap before GC invocations=17 (full 0):
 garbage-first heap   total 69632K, used 54646K [0x00000000c8e00000, 0x0000000100000000)
  region size 1024K, 34 young (34816K), 3 survivors (3072K)
 Metaspace       used 57904K, capacity 59443K, committed 59776K, reserved 1101824K
  class space    used 7369K, capacity 7985K, committed 8064K, reserved 1048576K
}
Event: 14.921 GC heap after
{Heap after GC invocations=18 (full 0):
 garbage-first heap   total 69632K, used 23496K [0x00000000c8e00000, 0x0000000100000000)
  region size 1024K, 2 young (2048K), 2 survivors (2048K)
 Metaspace       used 57904K, capacity 59443K, committed 59776K, reserved 1101824K
  class space    used 7369K, capacity 7985K, committed 8064K, reserved 1048576K
}
Event: 15.110 GC heap before
{Heap before GC invocations=18 (full 0):
 garbage-first heap   total 69632K, used 30664K [0x00000000c8e00000, 0x0000000100000000)
  region size 1024K, 10 young (10240K), 2 survivors (2048K)
 Metaspace       used 58563K, capacity 60075K, committed 60288K, reserved 1101824K
  class space    used 7445K, capacity 8062K, committed 8064K, reserved 1048576K
}
Event: 15.116 GC heap after
{Heap after GC invocations=19 (full 0):
 garbage-first heap   total 69632K, used 23649K [0x00000000c8e00000, 0x0000000100000000)
  region size 1024K, 3 young (3072K), 3 survivors (3072K)
 Metaspace       used 58563K, capacity 60075K, committed 60288K, reserved 1101824K
  class space    used 7445K, capacity 8062K, committed 8064K, reserved 1048576K
}
Event: 15.735 GC heap before
{Heap before GC invocations=20 (full 0):
 garbage-first heap   total 69632K, used 47201K [0x00000000c8e00000, 0x0000000100000000)
  region size 1024K, 26 young (26624K), 3 survivors (3072K)
 Metaspace       used 60958K, capacity 62585K, committed 62796K, reserved 1103872K
  class space    used 7805K, capacity 8453K, committed 8576K, reserved 1048576K
}
Event: 15.741 GC heap after
{Heap after GC invocations=21 (full 0):
 garbage-first heap   total 69632K, used 24576K [0x00000000c8e00000, 0x0000000100000000)
  region size 1024K, 3 young (3072K), 3 survivors (3072K)
 Metaspace       used 60958K, capacity 62585K, committed 62796K, reserved 1103872K
  class space    used 7805K, capacity 8453K, committed 8576K, reserved 1048576K
}
Event: 16.168 GC heap before
{Heap before GC invocations=21 (full 0):
 garbage-first heap   total 69632K, used 49152K [0x00000000c8e00000, 0x0000000100000000)
  region size 1024K, 27 young (27648K), 3 survivors (3072K)
 Metaspace       used 62951K, capacity 64690K, committed 64844K, reserved 1105920K
  class space    used 8082K, capacity 8789K, committed 8832K, reserved 1048576K
}
Event: 16.175 GC heap after
{Heap after GC invocations=22 (full 0):
 garbage-first heap   total 69632K, used 25610K [0x00000000c8e00000, 0x0000000100000000)
  region size 1024K, 3 young (3072K), 3 survivors (3072K)
 Metaspace       used 62951K, capacity 64690K, committed 64844K, reserved 1105920K
  class space    used 8082K, capacity 8789K, committed 8832K, reserved 1048576K
}
Event: 16.584 GC heap before
{Heap before GC invocations=22 (full 0):
 garbage-first heap   total 69632K, used 50186K [0x00000000c8e00000, 0x0000000100000000)
  region size 1024K, 27 young (27648K), 3 survivors (3072K)
 Metaspace       used 64905K, capacity 66683K, committed 66892K, reserved 1107968K
  class space    used 8280K, capacity 9009K, committed 9088K, reserved 1048576K
}
Event: 16.591 GC heap after
{Heap after GC invocations=23 (full 0):
 garbage-first heap   total 69632K, used 26705K [0x00000000c8e00000, 0x0000000100000000)
  region size 1024K, 3 young (3072K), 3 survivors (3072K)
 Metaspace       used 64905K, capacity 66683K, committed 66892K, reserved 1107968K
  class space    used 8280K, capacity 9009K, committed 9088K, reserved 1048576K
}
Event: 17.040 GC heap before
{Heap before GC invocations=23 (full 0):
 garbage-first heap   total 69632K, used 51281K [0x00000000c8e00000, 0x0000000100000000)
  region size 1024K, 27 young (27648K), 3 survivors (3072K)
 Metaspace       used 66184K, capacity 68069K, committed 68300K, reserved 1107968K
  class space    used 8409K, capacity 9151K, committed 9216K, reserved 1048576K
}
Event: 17.046 GC heap after
{Heap after GC invocations=24 (full 0):
 garbage-first heap   total 69632K, used 28024K [0x00000000c8e00000, 0x0000000100000000)
  region size 1024K, 4 young (4096K), 4 survivors (4096K)
 Metaspace       used 66184K, capacity 68069K, committed 68300K, reserved 1107968K
  class space    used 8409K, capacity 9151K, committed 9216K, reserved 1048576K
}
Event: 17.660 GC heap before
{Heap before GC invocations=24 (full 0):
 garbage-first heap   total 69632K, used 52600K [0x00000000c8e00000, 0x0000000100000000)
  region size 1024K, 28 young (28672K), 4 survivors (4096K)
 Metaspace       used 68377K, capacity 70392K, committed 70732K, reserved 1110016K
  class space    used 8695K, capacity 9486K, committed 9600K, reserved 1048576K
}
Event: 17.670 GC heap after
{Heap after GC invocations=25 (full 0):
 garbage-first heap   total 69632K, used 29671K [0x00000000c8e00000, 0x0000000100000000)
  region size 1024K, 4 young (4096K), 4 survivors (4096K)
 Metaspace       used 68377K, capacity 70392K, committed 70732K, reserved 1110016K
  class space    used 8695K, capacity 9486K, committed 9600K, reserved 1048576K
}

