# JRE version: OpenJDK Runtime Environment Corretto-11.0.17.8.1 (11.0.17+8) (build 11.0.17+8-LTS)
# Java VM: OpenJDK 64-Bit Server VM Corretto-11.0.17.8.1 (11.0.17+8-LTS, mixed mode, tiered, compressed oops, g1 gc, windows-amd64)
Heap:
 garbage-first heap   total 69632K, used 38222K [0x00000000c8e00000, 0x0000000100000000)
  region size 1024K, 18 young (18432K), 4 survivors (4096K)
 Metaspace       used 62518K, capacity 64246K, committed 64504K, reserved 1105920K
  class space    used 8027K, capacity 8725K, committed 8780K, reserved 1048576K
GC Heap History (20 events):
Event: 8.401 GC heap before
{Heap before GC invocations=8 (full 0):
 garbage-first heap   total 57344K, used 40754K [0x00000000c8e00000, 0x0000000100000000)
  region size 1024K, 32 young (32768K), 4 survivors (4096K)
 Metaspace       used 29794K, capacity 30449K, committed 30592K, reserved 1077248K
  class space    used 3411K, capacity 3682K, committed 3712K, reserved 1048576K
}
Event: 8.409 GC heap after
{Heap after GC invocations=9 (full 0):
 garbage-first heap   total 57344K, used 13150K [0x00000000c8e00000, 0x0000000100000000)
  region size 1024K, 3 young (3072K), 3 survivors (3072K)
 Metaspace       used 29794K, capacity 30449K, committed 30592K, reserved 1077248K
  class space    used 3411K, capacity 3682K, committed 3712K, reserved 1048576K
}
Event: 9.724 GC heap before
{Heap before GC invocations=9 (full 0):
 garbage-first heap   total 57344K, used 42846K [0x00000000c8e00000, 0x0000000100000000)
  region size 1024K, 32 young (32768K), 3 survivors (3072K)
 Metaspace       used 32131K, capacity 32913K, committed 33024K, reserved 1079296K
  class space    used 3727K, capacity 4027K, committed 4096K, reserved 1048576K
}
Event: 9.735 GC heap after
{Heap after GC invocations=10 (full 0):
 garbage-first heap   total 57344K, used 14286K [0x00000000c8e00000, 0x0000000100000000)
  region size 1024K, 3 young (3072K), 3 survivors (3072K)
 Metaspace       used 32131K, capacity 32913K, committed 33024K, reserved 1079296K
  class space    used 3727K, capacity 4027K, committed 4096K, reserved 1048576K
}
Event: 12.086 GC heap before
{Heap before GC invocations=10 (full 0):
 garbage-first heap   total 57344K, used 41934K [0x00000000c8e00000, 0x0000000100000000)
  region size 1024K, 31 young (31744K), 3 survivors (3072K)
 Metaspace       used 34861K, capacity 35775K, committed 35840K, reserved 1081344K
  class space    used 4107K, capacity 4480K, committed 4480K, reserved 1048576K
}
Event: 12.102 GC heap after
{Heap after GC invocations=11 (full 0):
 garbage-first heap   total 69632K, used 15586K [0x00000000c8e00000, 0x0000000100000000)
  region size 1024K, 3 young (3072K), 3 survivors (3072K)
 Metaspace       used 34861K, capacity 35775K, committed 35840K, reserved 1081344K
  class space    used 4107K, capacity 4480K, committed 4480K, reserved 1048576K
}
Event: 15.013 GC heap before
{Heap before GC invocations=12 (full 0):
 garbage-first heap   total 69632K, used 49378K [0x00000000c8e00000, 0x0000000100000000)
  region size 1024K, 36 young (36864K), 3 survivors (3072K)
 Metaspace       used 39483K, capacity 40621K, committed 40832K, reserved 1085440K
  class space    used 4686K, capacity 5141K, committed 5248K, reserved 1048576K
}
Event: 15.029 GC heap after
{Heap after GC invocations=13 (full 0):
 garbage-first heap   total 69632K, used 17921K [0x00000000c8e00000, 0x0000000100000000)
  region size 1024K, 4 young (4096K), 4 survivors (4096K)
 Metaspace       used 39483K, capacity 40621K, committed 40832K, reserved 1085440K
  class space    used 4686K, capacity 5141K, committed 5248K, reserved 1048576K
}
Event: 16.606 GC heap before
{Heap before GC invocations=13 (full 0):
 garbage-first heap   total 69632K, used 51713K [0x00000000c8e00000, 0x0000000100000000)
  region size 1024K, 37 young (37888K), 4 survivors (4096K)
 Metaspace       used 44087K, capacity 45400K, committed 45568K, reserved 1089536K
  class space    used 5307K, capacity 5846K, committed 5888K, reserved 1048576K
}
Event: 16.618 GC heap after
{Heap after GC invocations=14 (full 0):
 garbage-first heap   total 69632K, used 20091K [0x00000000c8e00000, 0x0000000100000000)
  region size 1024K, 5 young (5120K), 5 survivors (5120K)
 Metaspace       used 44087K, capacity 45400K, committed 45568K, reserved 1089536K
  class space    used 5307K, capacity 5846K, committed 5888K, reserved 1048576K
}
Event: 19.003 GC heap before
{Heap before GC invocations=14 (full 0):
 garbage-first heap   total 69632K, used 52859K [0x00000000c8e00000, 0x0000000100000000)
  region size 1024K, 37 young (37888K), 5 survivors (5120K)
 Metaspace       used 48732K, capacity 50144K, committed 50432K, reserved 1093632K
  class space    used 5945K, capacity 6551K, committed 6656K, reserved 1048576K
}
Event: 19.016 GC heap after
{Heap after GC invocations=15 (full 0):
 garbage-first heap   total 69632K, used 21543K [0x00000000c8e00000, 0x0000000100000000)
  region size 1024K, 4 young (4096K), 4 survivors (4096K)
 Metaspace       used 48732K, capacity 50144K, committed 50432K, reserved 1093632K
  class space    used 5945K, capacity 6551K, committed 6656K, reserved 1048576K
}
Event: 19.988 GC heap before
{Heap before GC invocations=15 (full 0):
 garbage-first heap   total 69632K, used 54311K [0x00000000c8e00000, 0x0000000100000000)
  region size 1024K, 36 young (36864K), 4 survivors (4096K)
 Metaspace       used 53812K, capacity 55255K, committed 55552K, reserved 1097728K
  class space    used 6719K, capacity 7315K, committed 7424K, reserved 1048576K
}
Event: 19.995 GC heap after
{Heap after GC invocations=16 (full 0):
 garbage-first heap   total 69632K, used 22658K [0x00000000c8e00000, 0x0000000100000000)
  region size 1024K, 3 young (3072K), 3 survivors (3072K)
 Metaspace       used 53812K, capacity 55255K, committed 55552K, reserved 1097728K
  class space    used 6719K, capacity 7315K, committed 7424K, reserved 1048576K
}
Event: 20.897 GC heap before
{Heap before GC invocations=16 (full 0):
 garbage-first heap   total 69632K, used 55426K [0x00000000c8e00000, 0x0000000100000000)
  region size 1024K, 35 young (35840K), 3 survivors (3072K)
 Metaspace       used 58276K, capacity 59810K, committed 59948K, reserved 1101824K
  class space    used 7424K, capacity 8057K, committed 8064K, reserved 1048576K
}
Event: 20.903 GC heap after
{Heap after GC invocations=17 (full 0):
 garbage-first heap   total 69632K, used 23384K [0x00000000c8e00000, 0x0000000100000000)
  region size 1024K, 4 young (4096K), 4 survivors (4096K)
 Metaspace       used 58276K, capacity 59810K, committed 59948K, reserved 1101824K
  class space    used 7424K, capacity 8057K, committed 8064K, reserved 1048576K
}
Event: 20.942 GC heap before
{Heap before GC invocations=17 (full 0):
 garbage-first heap   total 69632K, used 25432K [0x00000000c8e00000, 0x0000000100000000)
  region size 1024K, 7 young (7168K), 4 survivors (4096K)
 Metaspace       used 58375K, capacity 59877K, committed 59948K, reserved 1101824K
  class space    used 7426K, capacity 8058K, committed 8064K, reserved 1048576K
}
Event: 20.949 GC heap after
{Heap after GC invocations=18 (full 0):
 garbage-first heap   total 69632K, used 23536K [0x00000000c8e00000, 0x0000000100000000)
  region size 1024K, 2 young (2048K), 2 survivors (2048K)
 Metaspace       used 58375K, capacity 59877K, committed 59948K, reserved 1101824K
  class space    used 7426K, capacity 8058K, committed 8064K, reserved 1048576K
}
Event: 21.658 GC heap before
{Heap before GC invocations=19 (full 0):
 garbage-first heap   total 69632K, used 53232K [0x00000000c8e00000, 0x0000000100000000)
  region size 1024K, 31 young (31744K), 2 survivors (2048K)
 Metaspace       used 61873K, capacity 63595K, committed 63864K, reserved 1103872K
  class space    used 7936K, capacity 8619K, committed 8652K, reserved 1048576K
}
Event: 21.664 GC heap after
{Heap after GC invocations=20 (full 0):
 garbage-first heap   total 69632K, used 24910K [0x00000000c8e00000, 0x0000000100000000)
  region size 1024K, 4 young (4096K), 4 survivors (4096K)
 Metaspace       used 61873K, capacity 63595K, committed 63864K, reserved 1103872K
  class space    used 7936K, capacity 8619K, committed 8652K, reserved 1048576K
}

